<?xml version="1.0" encoding="UTF-8"?>
<testng-results ignored="0" total="1" passed="1" failed="0" skipped="0">
  <reporter-output>
  </reporter-output>
  <suite started-at="2023-02-20T14:12:06 CET" name="Default suite" finished-at="2023-02-20T14:12:13 CET" duration-ms="6347">
    <groups>
    </groups>
    <test started-at="2023-02-20T14:12:06 CET" name="Default test" finished-at="2023-02-20T14:12:13 CET" duration-ms="6347">
      <class name="test.LoginTests">
        <test-method is-config="true" signature="before_test()[pri:0, instance:test.LoginTests@58695725]" started-at="2023-02-20T14:12:06 CET" name="before_test" finished-at="2023-02-20T14:12:10 CET" duration-ms="3252" status="PASS">
          <reporter-output>
          </reporter-output>
        </test-method> <!-- before_test -->
        <test-method signature="loginUser()[pri:0, instance:test.LoginTests@58695725]" started-at="2023-02-20T14:12:10 CET" name="loginUser" finished-at="2023-02-20T14:12:13 CET" duration-ms="2885" status="PASS">
          <reporter-output>
          </reporter-output>
        </test-method> <!-- loginUser -->
        <test-method is-config="true" signature="after_test()[pri:0, instance:test.LoginTests@58695725]" started-at="2023-02-20T14:12:13 CET" name="after_test" finished-at="2023-02-20T14:12:13 CET" duration-ms="187" status="PASS">
          <reporter-output>
          </reporter-output>
        </test-method> <!-- after_test -->
      </class> <!-- test.LoginTests -->
    </test> <!-- Default test -->
  </suite> <!-- Default suite -->
</testng-results>
